[33mWARN: gym.spaces.Box autodetected dtype as <class 'numpy.float32'>. Please provide explicit dtype.[0m
_________________________________________________________________
Layer (type)                 Output Shape              Param #   
=================================================================
dense_1 (Dense)              (None, 32)                160       
_________________________________________________________________
dense_2 (Dense)              (None, 16)                528       
_________________________________________________________________
dense_3 (Dense)              (None, 2)                 34        
=================================================================
Total params: 722
Trainable params: 722
Non-trainable params: 0
_________________________________________________________________
_________________________________________________________________
Layer (type)                 Output Shape              Param #   
=================================================================
dense_4 (Dense)              (None, 32)                160       
_________________________________________________________________
dense_5 (Dense)              (None, 16)                528       
_________________________________________________________________
dense_6 (Dense)              (None, 2)                 34        
=================================================================
Total params: 722
Trainable params: 722
Non-trainable params: 0
_________________________________________________________________
Episode: 0/1000, epsilon: 1.0, average score: 10.68
Episode: 0/1000, epsilon: 1.0, new best score: 14.0
Episode: 2/1000, epsilon: 1.0, new best score: 21.0
Episode: 4/1000, epsilon: 1.0, new best score: 39.0
Episode: 26/1000, epsilon: 0.99, new best score: 56.0
Episode: 50/1000, epsilon: 0.98, average score: 167.64
Episode: 63/1000, epsilon: 0.97, new best score: 57.0
Episode: 97/1000, epsilon: 0.95, new best score: 67.0
Episode: 100/1000, epsilon: 0.95, average score: 149.24
Episode: 147/1000, epsilon: 0.93, new best score: 81.0
Episode: 150/1000, epsilon: 0.93, average score: 161.6
Episode: 177/1000, epsilon: 0.91, new best score: 86.0
Episode: 200/1000, epsilon: 0.9, average score: 162.64
Episode: 245/1000, epsilon: 0.87, new best score: 96.0
Episode: 250/1000, epsilon: 0.87, average score: 181.44
Episode: 281/1000, epsilon: 0.85, new best score: 133.0
Episode: 300/1000, epsilon: 0.84, average score: 184.32
Episode: 350/1000, epsilon: 0.8, average score: 182.44
Episode: 400/1000, epsilon: 0.77, average score: 195.8
Episode: 428/1000, epsilon: 0.74, new best score: 138.0
Episode: 450/1000, epsilon: 0.72, average score: 195.8
Episode: 455/1000, epsilon: 0.72, new best score: 200.0
Episode: 500/1000, epsilon: 0.66, average score: 188.96
Episode: 550/1000, epsilon: 0.59, average score: 181.0
Episode: 600/1000, epsilon: 0.53, average score: 179.36
Episode: 650/1000, epsilon: 0.41, average score: 175.24
Episode: 700/1000, epsilon: 0.28, average score: 142.68
Episode: 750/1000, epsilon: 0.15, average score: 130.72
Episode: 800/1000, epsilon: 0.022, average score: 118.52
Episode: 850/1000, epsilon: 0.005, average score: 200.0
Episode: 900/1000, epsilon: 0.005, average score: 200.0
Episode: 950/1000, epsilon: 0.005, average score: 198.4
