[33mWARN: gym.spaces.Box autodetected dtype as <class 'numpy.float32'>. Please provide explicit dtype.[0m
_________________________________________________________________
Layer (type)                 Output Shape              Param #   
=================================================================
dense_1 (Dense)              (None, 32)                96        
_________________________________________________________________
dense_2 (Dense)              (None, 16)                528       
_________________________________________________________________
dense_3 (Dense)              (None, 3)                 51        
=================================================================
Total params: 675
Trainable params: 675
Non-trainable params: 0
_________________________________________________________________
_________________________________________________________________
Layer (type)                 Output Shape              Param #   
=================================================================
dense_4 (Dense)              (None, 32)                96        
_________________________________________________________________
dense_5 (Dense)              (None, 16)                528       
_________________________________________________________________
dense_6 (Dense)              (None, 3)                 51        
=================================================================
Total params: 675
Trainable params: 675
Non-trainable params: 0
_________________________________________________________________
Episode: 0/1000, epsilon: 1.0, average score: -200.0
Episode: 0/1000, epsilon: 1.0, new best score: -200.0
Episode: 50/1000, epsilon: 0.8, average score: -200.0
Episode: 100/1000, epsilon: 0.6, average score: -200.0
Episode: 150/1000, epsilon: 0.4, average score: -200.0
Episode: 200/1000, epsilon: 0.2, average score: -200.0
Episode: 218/1000, epsilon: 0.13, new best score: -109.0
Episode: 250/1000, epsilon: 0.005, average score: -200.0
Episode: 300/1000, epsilon: 0.005, average score: -200.0
Episode: 307/1000, epsilon: 0.005, new best score: -101.0
Episode: 350/1000, epsilon: 0.005, average score: -200.0
Episode: 370/1000, epsilon: 0.005, new best score: -87.0
Episode: 375/1000, epsilon: 0.005, new best score: -85.0
Episode: 400/1000, epsilon: 0.005, average score: -129.56
Episode: 434/1000, epsilon: 0.005, new best score: -84.0
Episode: 450/1000, epsilon: 0.005, average score: -138.32
Episode: 500/1000, epsilon: 0.005, average score: -154.64
Episode: 550/1000, epsilon: 0.005, average score: -158.04
Episode: 600/1000, epsilon: 0.005, average score: -200.0
Episode: 650/1000, epsilon: 0.005, average score: -132.84
Episode: 700/1000, epsilon: 0.005, average score: -160.32
Episode: 750/1000, epsilon: 0.005, average score: -155.72
Episode: 800/1000, epsilon: 0.005, average score: -141.24
Episode: 850/1000, epsilon: 0.005, average score: -151.56
Episode: 900/1000, epsilon: 0.005, average score: -119.8
Episode: 950/1000, epsilon: 0.005, average score: -131.12
