[33mWARN: gym.spaces.Box autodetected dtype as <class 'numpy.float32'>. Please provide explicit dtype.[0m
_________________________________________________________________
Layer (type)                 Output Shape              Param #   
=================================================================
dense_1 (Dense)              (None, 32)                160       
_________________________________________________________________
dense_2 (Dense)              (None, 16)                528       
_________________________________________________________________
dense_3 (Dense)              (None, 2)                 34        
=================================================================
Total params: 722
Trainable params: 722
Non-trainable params: 0
_________________________________________________________________
_________________________________________________________________
Layer (type)                 Output Shape              Param #   
=================================================================
dense_4 (Dense)              (None, 32)                160       
_________________________________________________________________
dense_5 (Dense)              (None, 16)                528       
_________________________________________________________________
dense_6 (Dense)              (None, 2)                 34        
=================================================================
Total params: 722
Trainable params: 722
Non-trainable params: 0
_________________________________________________________________
Episode: 0/1000, epsilon: 1.0, average score: 20.24
Episode: 0/1000, epsilon: 1.0, new best score: 27.0
Episode: 5/1000, epsilon: 1.0, new best score: 31.0
Episode: 12/1000, epsilon: 0.99, new best score: 40.0
Episode: 32/1000, epsilon: 0.99, new best score: 54.0
Episode: 50/1000, epsilon: 0.98, average score: 200.0
Episode: 72/1000, epsilon: 0.97, new best score: 67.0
Episode: 75/1000, epsilon: 0.96, new best score: 73.0
Episode: 100/1000, epsilon: 0.95, average score: 195.2
Episode: 150/1000, epsilon: 0.93, average score: 199.32
Episode: 200/1000, epsilon: 0.9, average score: 198.28
Episode: 212/1000, epsilon: 0.9, new best score: 116.0
Episode: 250/1000, epsilon: 0.88, average score: 200.0
Episode: 286/1000, epsilon: 0.85, new best score: 127.0
Episode: 300/1000, epsilon: 0.85, average score: 200.0
Episode: 315/1000, epsilon: 0.84, new best score: 200.0
Episode: 350/1000, epsilon: 0.82, average score: 200.0
Episode: 400/1000, epsilon: 0.79, average score: 200.0
Episode: 450/1000, epsilon: 0.75, average score: 200.0
Episode: 500/1000, epsilon: 0.71, average score: 200.0
Episode: 550/1000, epsilon: 0.66, average score: 200.0
Episode: 600/1000, epsilon: 0.61, average score: 200.0
Episode: 650/1000, epsilon: 0.52, average score: 200.0
Episode: 700/1000, epsilon: 0.4, average score: 200.0
Episode: 750/1000, epsilon: 0.22, average score: 198.2
Episode: 800/1000, epsilon: 0.028, average score: 196.64
Episode: 850/1000, epsilon: 0.005, average score: 200.0
Episode: 900/1000, epsilon: 0.005, average score: 200.0
Episode: 950/1000, epsilon: 0.005, average score: 200.0
