[33mWARN: gym.spaces.Box autodetected dtype as <class 'numpy.float32'>. Please provide explicit dtype.[0m
_________________________________________________________________
Layer (type)                 Output Shape              Param #   
=================================================================
dense_1 (Dense)              (None, 32)                160       
_________________________________________________________________
dense_2 (Dense)              (None, 16)                528       
_________________________________________________________________
dense_3 (Dense)              (None, 2)                 34        
=================================================================
Total params: 722
Trainable params: 722
Non-trainable params: 0
_________________________________________________________________
_________________________________________________________________
Layer (type)                 Output Shape              Param #   
=================================================================
dense_4 (Dense)              (None, 32)                160       
_________________________________________________________________
dense_5 (Dense)              (None, 16)                528       
_________________________________________________________________
dense_6 (Dense)              (None, 2)                 34        
=================================================================
Total params: 722
Trainable params: 722
Non-trainable params: 0
_________________________________________________________________
Episode: 0/1000, epsilon: 1.0, average score: 9.24
Episode: 0/1000, epsilon: 1.0, new best score: 37.0
Episode: 6/1000, epsilon: 1.0, new best score: 53.0
Episode: 32/1000, epsilon: 0.98, new best score: 79.0
Episode: 50/1000, epsilon: 0.98, average score: 159.48
Episode: 100/1000, epsilon: 0.96, average score: 178.64
Episode: 120/1000, epsilon: 0.94, new best score: 84.0
Episode: 150/1000, epsilon: 0.93, average score: 191.8
Episode: 200/1000, epsilon: 0.9, average score: 195.12
Episode: 250/1000, epsilon: 0.87, average score: 189.68
Episode: 252/1000, epsilon: 0.87, new best score: 128.0
Episode: 296/1000, epsilon: 0.83, new best score: 138.0
Episode: 300/1000, epsilon: 0.83, average score: 187.16
Episode: 350/1000, epsilon: 0.8, average score: 194.64
Episode: 380/1000, epsilon: 0.77, new best score: 156.0
Episode: 400/1000, epsilon: 0.76, average score: 198.12
Episode: 406/1000, epsilon: 0.75, new best score: 200.0
Episode: 450/1000, epsilon: 0.71, average score: 200.0
Episode: 500/1000, epsilon: 0.66, average score: 200.0
Episode: 550/1000, epsilon: 0.6, average score: 200.0
Episode: 600/1000, epsilon: 0.52, average score: 200.0
Episode: 650/1000, epsilon: 0.4, average score: 200.0
Episode: 700/1000, epsilon: 0.25, average score: 130.76
Episode: 750/1000, epsilon: 0.15, average score: 154.72
Episode: 800/1000, epsilon: 0.005, average score: 140.72
Episode: 850/1000, epsilon: 0.005, average score: 156.72
Episode: 900/1000, epsilon: 0.005, average score: 200.0
Episode: 950/1000, epsilon: 0.005, average score: 153.2
