[33mWARN: gym.spaces.Box autodetected dtype as <class 'numpy.float32'>. Please provide explicit dtype.[0m
_________________________________________________________________
Layer (type)                 Output Shape              Param #   
=================================================================
dense_1 (Dense)              (None, 32)                96        
_________________________________________________________________
dense_2 (Dense)              (None, 16)                528       
_________________________________________________________________
dense_3 (Dense)              (None, 3)                 51        
=================================================================
Total params: 675
Trainable params: 675
Non-trainable params: 0
_________________________________________________________________
_________________________________________________________________
Layer (type)                 Output Shape              Param #   
=================================================================
dense_4 (Dense)              (None, 32)                96        
_________________________________________________________________
dense_5 (Dense)              (None, 16)                528       
_________________________________________________________________
dense_6 (Dense)              (None, 3)                 51        
=================================================================
Total params: 675
Trainable params: 675
Non-trainable params: 0
_________________________________________________________________
Episode: 0/1000, epsilon: 1.0, average score: -200.0
Episode: 0/1000, epsilon: 1.0, new best score: -200.0
Episode: 50/1000, epsilon: 0.8, average score: -200.0
Episode: 100/1000, epsilon: 0.6, average score: -200.0
Episode: 150/1000, epsilon: 0.4, average score: -200.0
Episode: 200/1000, epsilon: 0.2, average score: -200.0
Episode: 248/1000, epsilon: 0.0098, new best score: -159.0
Episode: 250/1000, epsilon: 0.005, average score: -200.0
Episode: 272/1000, epsilon: 0.005, new best score: -139.0
Episode: 299/1000, epsilon: 0.005, new best score: -94.0
Episode: 300/1000, epsilon: 0.005, average score: -200.0
Episode: 347/1000, epsilon: 0.005, new best score: -85.0
Episode: 350/1000, epsilon: 0.005, average score: -161.04
Episode: 400/1000, epsilon: 0.005, average score: -200.0
Episode: 432/1000, epsilon: 0.005, new best score: -84.0
Episode: 450/1000, epsilon: 0.005, average score: -150.8
Episode: 500/1000, epsilon: 0.005, average score: -143.48
Episode: 550/1000, epsilon: 0.005, average score: -139.28
Episode: 586/1000, epsilon: 0.005, new best score: -83.0
Episode: 600/1000, epsilon: 0.005, average score: -128.32
Episode: 650/1000, epsilon: 0.005, average score: -200.0
Episode: 700/1000, epsilon: 0.005, average score: -163.92
Episode: 750/1000, epsilon: 0.005, average score: -134.16
Episode: 800/1000, epsilon: 0.005, average score: -130.24
Episode: 850/1000, epsilon: 0.005, average score: -133.44
Episode: 900/1000, epsilon: 0.005, average score: -127.88
Episode: 950/1000, epsilon: 0.005, average score: -137.04
