[33mWARN: gym.spaces.Box autodetected dtype as <class 'numpy.float32'>. Please provide explicit dtype.[0m
_________________________________________________________________
Layer (type)                 Output Shape              Param #   
=================================================================
dense_1 (Dense)              (None, 32)                160       
_________________________________________________________________
dense_2 (Dense)              (None, 16)                528       
_________________________________________________________________
dense_3 (Dense)              (None, 2)                 34        
=================================================================
Total params: 722
Trainable params: 722
Non-trainable params: 0
_________________________________________________________________
_________________________________________________________________
Layer (type)                 Output Shape              Param #   
=================================================================
dense_4 (Dense)              (None, 32)                160       
_________________________________________________________________
dense_5 (Dense)              (None, 16)                528       
_________________________________________________________________
dense_6 (Dense)              (None, 2)                 34        
=================================================================
Total params: 722
Trainable params: 722
Non-trainable params: 0
_________________________________________________________________
Episode: 0/1000, epsilon: 1.0, average score: 9.96
Episode: 0/1000, epsilon: 1.0, new best score: 33.0
Episode: 1/1000, epsilon: 1.0, new best score: 45.0
Episode: 16/1000, epsilon: 0.99, new best score: 104.0
Episode: 50/1000, epsilon: 0.98, average score: 173.24
Episode: 100/1000, epsilon: 0.95, average score: 175.4
Episode: 150/1000, epsilon: 0.92, average score: 173.2
Episode: 200/1000, epsilon: 0.9, average score: 190.76
Episode: 250/1000, epsilon: 0.87, average score: 187.0
Episode: 300/1000, epsilon: 0.84, average score: 176.92
Episode: 336/1000, epsilon: 0.81, new best score: 120.0
Episode: 350/1000, epsilon: 0.8, average score: 189.2
Episode: 351/1000, epsilon: 0.8, new best score: 143.0
Episode: 400/1000, epsilon: 0.76, average score: 187.64
Episode: 450/1000, epsilon: 0.72, average score: 198.0
Episode: 471/1000, epsilon: 0.7, new best score: 163.0
Episode: 500/1000, epsilon: 0.68, average score: 196.24
Episode: 520/1000, epsilon: 0.66, new best score: 178.0
Episode: 550/1000, epsilon: 0.63, average score: 184.88
Episode: 579/1000, epsilon: 0.59, new best score: 200.0
Episode: 600/1000, epsilon: 0.55, average score: 200.0
Episode: 650/1000, epsilon: 0.44, average score: 200.0
Episode: 700/1000, epsilon: 0.3, average score: 200.0
Episode: 750/1000, epsilon: 0.12, average score: 200.0
Episode: 800/1000, epsilon: 0.005, average score: 199.68
Episode: 850/1000, epsilon: 0.005, average score: 200.0
Episode: 900/1000, epsilon: 0.005, average score: 200.0
Episode: 950/1000, epsilon: 0.005, average score: 200.0
