[33mWARN: gym.spaces.Box autodetected dtype as <class 'numpy.float32'>. Please provide explicit dtype.[0m
_________________________________________________________________
Layer (type)                 Output Shape              Param #   
=================================================================
dense_1 (Dense)              (None, 32)                96        
_________________________________________________________________
dense_2 (Dense)              (None, 16)                528       
_________________________________________________________________
dense_3 (Dense)              (None, 3)                 51        
=================================================================
Total params: 675
Trainable params: 675
Non-trainable params: 0
_________________________________________________________________
_________________________________________________________________
Layer (type)                 Output Shape              Param #   
=================================================================
dense_4 (Dense)              (None, 32)                96        
_________________________________________________________________
dense_5 (Dense)              (None, 16)                528       
_________________________________________________________________
dense_6 (Dense)              (None, 3)                 51        
=================================================================
Total params: 675
Trainable params: 675
Non-trainable params: 0
_________________________________________________________________
Episode: 0/1000, epsilon: 1.0, average score: -200.0
Episode: 0/1000, epsilon: 1.0, new best score: -200.0
Episode: 50/1000, epsilon: 0.8, average score: -200.0
Episode: 100/1000, epsilon: 0.6, average score: -200.0
Episode: 144/1000, epsilon: 0.42, new best score: -196.0
Episode: 150/1000, epsilon: 0.4, average score: -200.0
Episode: 200/1000, epsilon: 0.2, average score: -200.0
Episode: 210/1000, epsilon: 0.16, new best score: -182.0
Episode: 229/1000, epsilon: 0.087, new best score: -146.0
Episode: 239/1000, epsilon: 0.049, new best score: -100.0
Episode: 250/1000, epsilon: 0.0095, average score: -200.0
Episode: 297/1000, epsilon: 0.005, new best score: -89.0
Episode: 300/1000, epsilon: 0.005, average score: -146.24
Episode: 350/1000, epsilon: 0.005, average score: -200.0
Episode: 400/1000, epsilon: 0.005, average score: -167.6
Episode: 418/1000, epsilon: 0.005, new best score: -86.0
Episode: 450/1000, epsilon: 0.005, average score: -147.52
Episode: 500/1000, epsilon: 0.005, average score: -159.92
Episode: 550/1000, epsilon: 0.005, average score: -138.28
Episode: 564/1000, epsilon: 0.005, new best score: -85.0
Episode: 592/1000, epsilon: 0.005, new best score: -84.0
Episode: 600/1000, epsilon: 0.005, average score: -159.36
Episode: 648/1000, epsilon: 0.005, new best score: -83.0
Episode: 650/1000, epsilon: 0.005, average score: -135.32
Episode: 700/1000, epsilon: 0.005, average score: -148.72
Episode: 750/1000, epsilon: 0.005, average score: -142.72
Episode: 800/1000, epsilon: 0.005, average score: -123.96
Episode: 850/1000, epsilon: 0.005, average score: -139.96
Episode: 900/1000, epsilon: 0.005, average score: -164.04
Episode: 950/1000, epsilon: 0.005, average score: -144.76
