[33mWARN: gym.spaces.Box autodetected dtype as <class 'numpy.float32'>. Please provide explicit dtype.[0m
_________________________________________________________________
Layer (type)                 Output Shape              Param #   
=================================================================
dense_1 (Dense)              (None, 32)                160       
_________________________________________________________________
dense_2 (Dense)              (None, 16)                528       
_________________________________________________________________
dense_3 (Dense)              (None, 2)                 34        
=================================================================
Total params: 722
Trainable params: 722
Non-trainable params: 0
_________________________________________________________________
_________________________________________________________________
Layer (type)                 Output Shape              Param #   
=================================================================
dense_4 (Dense)              (None, 32)                160       
_________________________________________________________________
dense_5 (Dense)              (None, 16)                528       
_________________________________________________________________
dense_6 (Dense)              (None, 2)                 34        
=================================================================
Total params: 722
Trainable params: 722
Non-trainable params: 0
_________________________________________________________________
Episode: 0/1000, epsilon: 1.0, average score: 71.92
Episode: 0/1000, epsilon: 1.0, new best score: 11.0
Episode: 2/1000, epsilon: 1.0, new best score: 22.0
Episode: 4/1000, epsilon: 1.0, new best score: 43.0
Episode: 15/1000, epsilon: 0.99, new best score: 61.0
Episode: 22/1000, epsilon: 0.99, new best score: 88.0
Episode: 50/1000, epsilon: 0.98, average score: 170.88
Episode: 100/1000, epsilon: 0.95, average score: 168.6
Episode: 150/1000, epsilon: 0.93, average score: 180.96
Episode: 200/1000, epsilon: 0.91, average score: 173.92
Episode: 250/1000, epsilon: 0.88, average score: 174.2
Episode: 300/1000, epsilon: 0.85, average score: 179.72
Episode: 312/1000, epsilon: 0.84, new best score: 99.0
Episode: 350/1000, epsilon: 0.82, average score: 184.0
Episode: 384/1000, epsilon: 0.79, new best score: 134.0
Episode: 400/1000, epsilon: 0.77, average score: 199.68
Episode: 450/1000, epsilon: 0.74, average score: 200.0
Episode: 500/1000, epsilon: 0.7, average score: 200.0
Episode: 548/1000, epsilon: 0.66, new best score: 200.0
Episode: 550/1000, epsilon: 0.66, average score: 200.0
Episode: 600/1000, epsilon: 0.6, average score: 200.0
Episode: 650/1000, epsilon: 0.55, average score: 154.64
Episode: 700/1000, epsilon: 0.5, average score: 124.32
Episode: 750/1000, epsilon: 0.45, average score: 122.92
Episode: 800/1000, epsilon: 0.37, average score: 113.28
Episode: 850/1000, epsilon: 0.31, average score: 103.44
Episode: 900/1000, epsilon: 0.26, average score: 82.92
Episode: 950/1000, epsilon: 0.17, average score: 194.12
