[33mWARN: gym.spaces.Box autodetected dtype as <class 'numpy.float32'>. Please provide explicit dtype.[0m
_________________________________________________________________
Layer (type)                 Output Shape              Param #   
=================================================================
dense_1 (Dense)              (None, 32)                96        
_________________________________________________________________
dense_2 (Dense)              (None, 16)                528       
_________________________________________________________________
dense_3 (Dense)              (None, 3)                 51        
=================================================================
Total params: 675
Trainable params: 675
Non-trainable params: 0
_________________________________________________________________
_________________________________________________________________
Layer (type)                 Output Shape              Param #   
=================================================================
dense_4 (Dense)              (None, 32)                96        
_________________________________________________________________
dense_5 (Dense)              (None, 16)                528       
_________________________________________________________________
dense_6 (Dense)              (None, 3)                 51        
=================================================================
Total params: 675
Trainable params: 675
Non-trainable params: 0
_________________________________________________________________
Episode: 0/1000, epsilon: 1.0, average score: -200.0
Episode: 0/1000, epsilon: 1.0, new best score: -200.0
Episode: 50/1000, epsilon: 0.8, average score: -200.0
Episode: 100/1000, epsilon: 0.6, average score: -200.0
Episode: 150/1000, epsilon: 0.4, average score: -200.0
Episode: 195/1000, epsilon: 0.22, new best score: -191.0
Episode: 200/1000, epsilon: 0.2, average score: -200.0
Episode: 208/1000, epsilon: 0.17, new best score: -166.0
Episode: 232/1000, epsilon: 0.075, new best score: -121.0
Episode: 250/1000, epsilon: 0.005, average score: -200.0
Episode: 288/1000, epsilon: 0.005, new best score: -88.0
Episode: 300/1000, epsilon: 0.005, average score: -164.64
Episode: 350/1000, epsilon: 0.005, average score: -167.44
Episode: 367/1000, epsilon: 0.005, new best score: -84.0
Episode: 400/1000, epsilon: 0.005, average score: -143.16
Episode: 450/1000, epsilon: 0.005, average score: -153.32
Episode: 500/1000, epsilon: 0.005, average score: -134.72
Episode: 525/1000, epsilon: 0.005, new best score: -83.0
Episode: 550/1000, epsilon: 0.005, average score: -140.68
Episode: 600/1000, epsilon: 0.005, average score: -160.84
Episode: 650/1000, epsilon: 0.005, average score: -177.04
Episode: 700/1000, epsilon: 0.005, average score: -143.2
Episode: 750/1000, epsilon: 0.005, average score: -200.0
Episode: 800/1000, epsilon: 0.005, average score: -140.72
Episode: 850/1000, epsilon: 0.005, average score: -147.4
Episode: 900/1000, epsilon: 0.005, average score: -166.8
Episode: 950/1000, epsilon: 0.005, average score: -140.84
