[33mWARN: gym.spaces.Box autodetected dtype as <class 'numpy.float32'>. Please provide explicit dtype.[0m
_________________________________________________________________
Layer (type)                 Output Shape              Param #   
=================================================================
dense_1 (Dense)              (None, 32)                160       
_________________________________________________________________
dense_2 (Dense)              (None, 16)                528       
_________________________________________________________________
dense_3 (Dense)              (None, 2)                 34        
=================================================================
Total params: 722
Trainable params: 722
Non-trainable params: 0
_________________________________________________________________
_________________________________________________________________
Layer (type)                 Output Shape              Param #   
=================================================================
dense_4 (Dense)              (None, 32)                160       
_________________________________________________________________
dense_5 (Dense)              (None, 16)                528       
_________________________________________________________________
dense_6 (Dense)              (None, 2)                 34        
=================================================================
Total params: 722
Trainable params: 722
Non-trainable params: 0
_________________________________________________________________
Episode: 0/1000, epsilon: 1.0, average score: 10.04
Episode: 0/1000, epsilon: 1.0, new best score: 14.0
Episode: 1/1000, epsilon: 1.0, new best score: 30.0
Episode: 9/1000, epsilon: 1.0, new best score: 53.0
Episode: 50/1000, epsilon: 0.98, average score: 200.0
Episode: 70/1000, epsilon: 0.97, new best score: 54.0
Episode: 92/1000, epsilon: 0.96, new best score: 59.0
Episode: 100/1000, epsilon: 0.96, average score: 172.72
Episode: 142/1000, epsilon: 0.93, new best score: 124.0
Episode: 150/1000, epsilon: 0.93, average score: 163.28
Episode: 200/1000, epsilon: 0.9, average score: 171.6
Episode: 250/1000, epsilon: 0.87, average score: 194.08
Episode: 300/1000, epsilon: 0.85, average score: 195.96
Episode: 350/1000, epsilon: 0.81, average score: 199.84
Episode: 400/1000, epsilon: 0.78, average score: 198.92
Episode: 450/1000, epsilon: 0.74, average score: 199.44
Episode: 500/1000, epsilon: 0.7, average score: 199.64
Episode: 506/1000, epsilon: 0.69, new best score: 140.0
Episode: 515/1000, epsilon: 0.68, new best score: 186.0
Episode: 550/1000, epsilon: 0.65, average score: 198.84
Episode: 600/1000, epsilon: 0.6, average score: 193.36
Episode: 640/1000, epsilon: 0.56, new best score: 200.0
Episode: 650/1000, epsilon: 0.54, average score: 198.52
Episode: 700/1000, epsilon: 0.48, average score: 198.24
Episode: 750/1000, epsilon: 0.4, average score: 170.36
Episode: 800/1000, epsilon: 0.31, average score: 187.32
Episode: 850/1000, epsilon: 0.25, average score: 117.72
Episode: 900/1000, epsilon: 0.17, average score: 124.88
Episode: 950/1000, epsilon: 0.051, average score: 121.72
