[33mWARN: gym.spaces.Box autodetected dtype as <class 'numpy.float32'>. Please provide explicit dtype.[0m
_________________________________________________________________
Layer (type)                 Output Shape              Param #   
=================================================================
dense_1 (Dense)              (None, 32)                160       
_________________________________________________________________
dense_2 (Dense)              (None, 16)                528       
_________________________________________________________________
dense_3 (Dense)              (None, 2)                 34        
=================================================================
Total params: 722
Trainable params: 722
Non-trainable params: 0
_________________________________________________________________
_________________________________________________________________
Layer (type)                 Output Shape              Param #   
=================================================================
dense_4 (Dense)              (None, 32)                160       
_________________________________________________________________
dense_5 (Dense)              (None, 16)                528       
_________________________________________________________________
dense_6 (Dense)              (None, 2)                 34        
=================================================================
Total params: 722
Trainable params: 722
Non-trainable params: 0
_________________________________________________________________
Episode: 0/1000, epsilon: 1.0, average score: 9.52
Episode: 0/1000, epsilon: 1.0, new best score: 53.0
Episode: 50/1000, epsilon: 0.98, average score: 185.84
Episode: 100/1000, epsilon: 0.96, average score: 171.12
Episode: 144/1000, epsilon: 0.94, new best score: 56.0
Episode: 150/1000, epsilon: 0.93, average score: 190.52
Episode: 175/1000, epsilon: 0.92, new best score: 82.0
Episode: 200/1000, epsilon: 0.91, average score: 193.6
Episode: 248/1000, epsilon: 0.88, new best score: 101.0
Episode: 250/1000, epsilon: 0.88, average score: 186.68
Episode: 286/1000, epsilon: 0.86, new best score: 125.0
Episode: 300/1000, epsilon: 0.85, average score: 191.2
Episode: 350/1000, epsilon: 0.81, average score: 192.64
Episode: 370/1000, epsilon: 0.8, new best score: 126.0
Episode: 400/1000, epsilon: 0.77, average score: 198.08
Episode: 439/1000, epsilon: 0.74, new best score: 129.0
Episode: 450/1000, epsilon: 0.73, average score: 198.04
Episode: 495/1000, epsilon: 0.69, new best score: 148.0
Episode: 500/1000, epsilon: 0.69, average score: 197.0
Episode: 519/1000, epsilon: 0.67, new best score: 160.0
Episode: 550/1000, epsilon: 0.63, average score: 200.0
Episode: 575/1000, epsilon: 0.61, new best score: 186.0
Episode: 578/1000, epsilon: 0.6, new best score: 200.0
Episode: 600/1000, epsilon: 0.57, average score: 200.0
Episode: 650/1000, epsilon: 0.47, average score: 200.0
Episode: 700/1000, epsilon: 0.33, average score: 200.0
Episode: 750/1000, epsilon: 0.17, average score: 200.0
Episode: 800/1000, epsilon: 0.005, average score: 200.0
Episode: 850/1000, epsilon: 0.005, average score: 120.4
Episode: 900/1000, epsilon: 0.005, average score: 173.56
Episode: 950/1000, epsilon: 0.005, average score: 200.0
