[33mWARN: gym.spaces.Box autodetected dtype as <class 'numpy.float32'>. Please provide explicit dtype.[0m
_________________________________________________________________
Layer (type)                 Output Shape              Param #   
=================================================================
dense_1 (Dense)              (None, 32)                160       
_________________________________________________________________
dense_2 (Dense)              (None, 16)                528       
_________________________________________________________________
dense_3 (Dense)              (None, 2)                 34        
=================================================================
Total params: 722
Trainable params: 722
Non-trainable params: 0
_________________________________________________________________
_________________________________________________________________
Layer (type)                 Output Shape              Param #   
=================================================================
dense_4 (Dense)              (None, 32)                160       
_________________________________________________________________
dense_5 (Dense)              (None, 16)                528       
_________________________________________________________________
dense_6 (Dense)              (None, 2)                 34        
=================================================================
Total params: 722
Trainable params: 722
Non-trainable params: 0
_________________________________________________________________
Episode: 0/1000, epsilon: 1.0, average score: 12.36
Episode: 0/1000, epsilon: 1.0, new best score: 16.0
Episode: 1/1000, epsilon: 1.0, new best score: 27.0
Episode: 2/1000, epsilon: 1.0, new best score: 41.0
Episode: 19/1000, epsilon: 0.99, new best score: 68.0
Episode: 50/1000, epsilon: 0.98, average score: 178.16
Episode: 87/1000, epsilon: 0.96, new best score: 69.0
Episode: 100/1000, epsilon: 0.95, average score: 168.28
Episode: 100/1000, epsilon: 0.95, new best score: 83.0
Episode: 150/1000, epsilon: 0.93, average score: 187.16
Episode: 200/1000, epsilon: 0.9, average score: 197.44
Episode: 229/1000, epsilon: 0.88, new best score: 117.0
Episode: 250/1000, epsilon: 0.87, average score: 200.0
Episode: 268/1000, epsilon: 0.86, new best score: 121.0
Episode: 300/1000, epsilon: 0.84, average score: 199.48
Episode: 350/1000, epsilon: 0.8, average score: 200.0
Episode: 400/1000, epsilon: 0.77, average score: 198.64
Episode: 433/1000, epsilon: 0.74, new best score: 155.0
Episode: 450/1000, epsilon: 0.72, average score: 147.12
Episode: 500/1000, epsilon: 0.68, average score: 194.16
Episode: 550/1000, epsilon: 0.64, average score: 168.4
Episode: 600/1000, epsilon: 0.57, average score: 159.08
Episode: 600/1000, epsilon: 0.57, new best score: 156.0
Episode: 615/1000, epsilon: 0.56, new best score: 180.0
Episode: 616/1000, epsilon: 0.55, new best score: 200.0
Episode: 650/1000, epsilon: 0.48, average score: 200.0
Episode: 700/1000, epsilon: 0.38, average score: 200.0
Episode: 750/1000, epsilon: 0.27, average score: 139.0
Episode: 800/1000, epsilon: 0.15, average score: 135.0
Episode: 850/1000, epsilon: 0.011, average score: 165.2
Episode: 900/1000, epsilon: 0.005, average score: 177.0
Episode: 950/1000, epsilon: 0.005, average score: 200.0
